Arguments: 
  /usr/bin/node /home/ssdorra/.yarn/bin/yarn.js add --dev ui-bundler

PATH: 
  /home/ssdorra/.yarn/bin:/usr/local/go/bin:/home/ssdorra/Projects/go/bin:/home/ssdorra/.local/bin:/usr/local/google-cloud-sdk/bin:/usr/local/go/bin:/home/ssdorra/.sdkman/candidates/maven/current/bin:/home/ssdorra/.sdkman/candidates/groovy/current/bin:/home/ssdorra/bin:/home/ssdorra/.local/bin:/usr/local/sbin:/usr/local/bin:/usr/sbin:/usr/bin:/sbin:/bin:/usr/games:/usr/local/games:/snap/bin:/usr/lib/jvm/java-8-oracle/bin:/usr/lib/jvm/java-8-oracle/db/bin:/usr/lib/jvm/java-8-oracle/jre/bin:/home/ssdorra/Projects/go/bin

Yarn version: 
  1.9.2

Node version: 
  8.11.4

Platform: 
  linux x64

Trace: 
  Error: https://registry.yarnpkg.com/ui-bundler: Not found
      at Request.params.callback [as _callback] (/home/ssdorra/.yarn/lib/cli.js:64150:18)
      at Request.self.callback (/home/ssdorra/.yarn/lib/cli.js:137416:22)
      at emitTwo (events.js:126:13)
      at Request.emit (events.js:214:7)
      at Request.<anonymous> (/home/ssdorra/.yarn/lib/cli.js:138388:10)
      at emitOne (events.js:116:13)
      at Request.emit (events.js:211:7)
      at IncomingMessage.<anonymous> (/home/ssdorra/.yarn/lib/cli.js:138310:12)
      at Object.onceWrapper (events.js:313:30)
      at emitNone (events.js:111:20)

npm manifest: 
  {
    "name": "@scm-manager/ui-types",
    "version": "0.0.1",
    "description": "Flow types for SCM-Manager related Objects",
    "main": "src/index.js",
    "files": [
      "src"
    ],
    "repository": "https://bitbucket.org/sdorra/scm-manager",
    "author": "Sebastian Sdorra <sebastian.sdorra@cloudogu.com>",
    "license": "MIT",
    "scripts": {
      "check": "flow check"
    },
    "devDependencies": {}
  }

yarn manifest: 
  No manifest

Lockfile: 
  # THIS IS AN AUTOGENERATED FILE. DO NOT EDIT THIS FILE DIRECTLY.
  # yarn lockfile v1
